* using log directory ‘/Users/sckott/github/ropensci/brranching/revdep/checks.noindex/aptg/old/aptg.Rcheck’
* using R version 3.5.1 Patched (2018-11-18 r75627)
* using platform: x86_64-apple-darwin15.6.0 (64-bit)
* using session charset: UTF-8
* checking for file ‘aptg/DESCRIPTION’ ... OK
* checking extension type ... Package
* this is package ‘aptg’ version ‘0.1.0’
* package encoding: UTF-8
* checking package namespace information ... OK
* checking package dependencies ... OK
* checking if this is a source package ... OK
* checking if there is a namespace ... OK
* checking for executable files ... OK
* checking for hidden files and directories ... OK
* checking for portable file names ... OK
* checking for sufficient/correct file permissions ... OK
* checking whether package ‘aptg’ can be installed ... OK
* checking installed package size ... OK
* checking package directory ... OK
* checking ‘build’ directory ... OK
* checking DESCRIPTION meta-information ... OK
* checking top-level files ... OK
* checking for left-over files ... OK
* checking index information ... OK
* checking package subdirectories ... OK
* checking R files for non-ASCII characters ... OK
* checking R files for syntax errors ... OK
* checking whether the package can be loaded ... OK
* checking whether the package can be loaded with stated dependencies ... OK
* checking whether the package can be unloaded cleanly ... OK
* checking whether the namespace can be loaded with stated dependencies ... OK
* checking whether the namespace can be unloaded cleanly ... OK
* checking dependencies in R code ... OK
* checking S3 generic/method consistency ... OK
* checking replacement functions ... OK
* checking foreign function calls ... OK
* checking R code for possible problems ... OK
* checking Rd files ... OK
* checking Rd metadata ... OK
* checking Rd cross-references ... OK
* checking for missing documentation entries ... OK
* checking for code/documentation mismatches ... OK
* checking Rd \usage sections ... OK
* checking Rd contents ... OK
* checking for unstated dependencies in examples ... OK
* checking installed files from ‘inst/doc’ ... OK
* checking files in ‘vignettes’ ... OK
* checking examples ... NONE
* checking for unstated dependencies in vignettes ... OK
* checking package vignettes in ‘inst/doc’ ... OK
* checking running R code from vignettes ... NONE
* checking re-building of vignette outputs ... WARNING
Error in re-building vignettes:
  ...

< HTTP/1.1 200 OK
< Date: Wed, 05 Dec 2018 20:47:41 GMT
< Content-Type: application/json; charset=utf-8
< Transfer-Encoding: chunked
< Connection: keep-alive
< X-Frame-Options: SAMEORIGIN
< X-XSS-Protection: 1; mode=block
< X-Content-Type-Options: nosniff
< ETag: W/"65de9932c405994564819c30e1710ba9"
< Cache-Control: max-age=0, private, must-revalidate
< X-Request-Id: d3e8dad8-d069-4f6c-9cee-f3e9f6ee05d9
< X-Runtime: 0.044503
< Vary: Origin
< Age: 0
< X-Cache: MISS
< X-Cache-Hits: 0
< Accept-Ranges: bytes
< 
* Connection #3 to host eol.org left intact
The following `from` values were not present in `x`: .id, identifier, scientificname, nameaccordingto, taxonrank
Quitting from lines 41-42 (aptg.Rmd) 
Error: processing vignette 'aptg.Rmd' failed with diagnostics:
'by' must specify a uniquely valid column
Execution halted

* checking PDF version of manual ... OK
* DONE
Status: 1 WARNING
