
Retrieving data for taxon 'Canis lupus'





More than one TSN found for taxon 'Canis lupus'!

            Enter rownumber of taxon (other inputs will return 'NA'):


Returned 'NA'!


No TSN found for species 'Canis lupus'!


Retrieving data for taxon 'Canis latrans'





More than one TSN found for taxon 'Canis latrans'!

            Enter rownumber of taxon (other inputs will return 'NA'):


Returned 'NA'!


No TSN found for species 'Canis latrans'!


Retrieving data for taxon 'Acer saccharum'





More than one TSN found for taxon 'Acer saccharum'!

            Enter rownumber of taxon (other inputs will return 'NA'):


Returned 'NA'!


No TSN found for species 'Acer saccharum'!


Retrieving data for taxon 'Castor canadensis'





More than one TSN found for taxon 'Castor canadensis'!

            Enter rownumber of taxon (other inputs will return 'NA'):


Returned 'NA'!


No TSN found for species 'Castor canadensis'!


Retrieving data for taxon 'Alces alces'





More than one TSN found for taxon 'Alces alces'!

            Enter rownumber of taxon (other inputs will return 'NA'):


Returned 'NA'!


No TSN found for species 'Alces alces'!


Retrieving data for taxon 'Acer rubrum'





More than one TSN found for taxon 'Acer rubrum'!

            Enter rownumber of taxon (other inputs will return 'NA'):


Returned 'NA'!


No TSN found for species 'Acer rubrum'!


Retrieving data for taxon 'Vulpes vulpes'





More than one TSN found for taxon 'Vulpes vulpes'!

            Enter rownumber of taxon (other inputs will return 'NA'):


Returned 'NA'!


No TSN found for species 'Vulpes vulpes'!


Retrieving data for taxon 'Salix babylonica'





More than one TSN found for taxon 'Salix babylonica'!

            Enter rownumber of taxon (other inputs will return 'NA'):


Returned 'NA'!


No TSN found for species 'Salix babylonica'!


Retrieving data for taxon 'Odocoileus virginianus'





More than one TSN found for taxon 'Odocoileus virginianus'!

            Enter rownumber of taxon (other inputs will return 'NA'):


Returned 'NA'!


No TSN found for species 'Odocoileus virginianus'!


Retrieving data for taxon 'Betula alleghaniensis'





More than one TSN found for taxon 'Betula alleghaniensis'!

            Enter rownumber of taxon (other inputs will return 'NA'):


Returned 'NA'!


No TSN found for species 'Betula alleghaniensis'!


Retrieving data for taxon 'Rangifer tarandus'





More than one TSN found for taxon 'Rangifer tarandus'!

            Enter rownumber of taxon (other inputs will return 'NA'):


Returned 'NA'!


No TSN found for species 'Rangifer tarandus'!


Retrieving data for taxon 'Juniperus occidentalis'





More than one TSN found for taxon 'Juniperus occidentalis'!

            Enter rownumber of taxon (other inputs will return 'NA'):


Returned 'NA'!


No TSN found for species 'Juniperus occidentalis'!


Retrieving data for taxon 'Pinus strobus'





More than one TSN found for taxon 'Pinus strobus'!

            Enter rownumber of taxon (other inputs will return 'NA'):


Returned 'NA'!


No TSN found for species 'Pinus strobus'!



Retrieving data for taxon 'Atelocynus'





More than one TSN found for taxon 'Atelocynus'!

            Enter rownumber of taxon (other inputs will return 'NA'):


Returned 'NA'!


No TSN found for species 'Atelocynus'!


Retrieving data for taxon 'Canis'





More than one TSN found for taxon 'Canis'!

            Enter rownumber of taxon (other inputs will return 'NA'):


Returned 'NA'!


No TSN found for species 'Canis'!


Retrieving data for taxon 'Canis'





More than one TSN found for taxon 'Canis'!

            Enter rownumber of taxon (other inputs will return 'NA'):


Returned 'NA'!


No TSN found for species 'Canis'!


Retrieving data for taxon 'Canis'





More than one TSN found for taxon 'Canis'!

            Enter rownumber of taxon (other inputs will return 'NA'):


Returned 'NA'!


No TSN found for species 'Canis'!


Retrieving data for taxon 'Canis'





More than one TSN found for taxon 'Canis'!

            Enter rownumber of taxon (other inputs will return 'NA'):


Returned 'NA'!


No TSN found for species 'Canis'!


Retrieving data for taxon 'Canis'





More than one TSN found for taxon 'Canis'!

            Enter rownumber of taxon (other inputs will return 'NA'):


Returned 'NA'!


No TSN found for species 'Canis'!


Retrieving data for taxon 'Canis'





More than one TSN found for taxon 'Canis'!

            Enter rownumber of taxon (other inputs will return 'NA'):


Returned 'NA'!


No TSN found for species 'Canis'!


Retrieving data for taxon 'Canis'





More than one TSN found for taxon 'Canis'!

            Enter rownumber of taxon (other inputs will return 'NA'):


Returned 'NA'!


No TSN found for species 'Canis'!


Retrieving data for taxon 'Canis'





More than one TSN found for taxon 'Canis'!

            Enter rownumber of taxon (other inputs will return 'NA'):


Returned 'NA'!


No TSN found for species 'Canis'!


Retrieving data for taxon 'Cerdocyon'





More than one TSN found for taxon 'Cerdocyon'!

            Enter rownumber of taxon (other inputs will return 'NA'):


Returned 'NA'!


No TSN found for species 'Cerdocyon'!


Retrieving data for taxon 'Chrysocyon'





More than one TSN found for taxon 'Chrysocyon'!

            Enter rownumber of taxon (other inputs will return 'NA'):


Returned 'NA'!


No TSN found for species 'Chrysocyon'!


Retrieving data for taxon 'Cuon'





More than one TSN found for taxon 'Cuon'!

            Enter rownumber of taxon (other inputs will return 'NA'):


Returned 'NA'!


No TSN found for species 'Cuon'!


Retrieving data for taxon 'Dusicyon'





More than one TSN found for taxon 'Dusicyon'!

            Enter rownumber of taxon (other inputs will return 'NA'):


Returned 'NA'!


No TSN found for species 'Dusicyon'!


Retrieving data for taxon 'Lycalopex'





More than one TSN found for taxon 'Lycalopex'!

            Enter rownumber of taxon (other inputs will return 'NA'):


Returned 'NA'!


No TSN found for species 'Lycalopex'!


Retrieving data for taxon 'Lycalopex'





More than one TSN found for taxon 'Lycalopex'!

            Enter rownumber of taxon (other inputs will return 'NA'):


Returned 'NA'!


No TSN found for species 'Lycalopex'!


Retrieving data for taxon 'Lycalopex'





More than one TSN found for taxon 'Lycalopex'!

            Enter rownumber of taxon (other inputs will return 'NA'):


Returned 'NA'!


No TSN found for species 'Lycalopex'!


Retrieving data for taxon 'Lycalopex'





More than one TSN found for taxon 'Lycalopex'!

            Enter rownumber of taxon (other inputs will return 'NA'):


Returned 'NA'!


No TSN found for species 'Lycalopex'!


Retrieving data for taxon 'Lycalopex'





More than one TSN found for taxon 'Lycalopex'!

            Enter rownumber of taxon (other inputs will return 'NA'):


Returned 'NA'!


No TSN found for species 'Lycalopex'!


Retrieving data for taxon 'Lycaon'





More than one TSN found for taxon 'Lycaon'!

            Enter rownumber of taxon (other inputs will return 'NA'):


Returned 'NA'!


No TSN found for species 'Lycaon'!


Retrieving data for taxon 'Nyctereutes'





More than one TSN found for taxon 'Nyctereutes'!

            Enter rownumber of taxon (other inputs will return 'NA'):


Returned 'NA'!


No TSN found for species 'Nyctereutes'!


Retrieving data for taxon 'Otocyon'





More than one TSN found for taxon 'Otocyon'!

            Enter rownumber of taxon (other inputs will return 'NA'):


Returned 'NA'!


No TSN found for species 'Otocyon'!


Retrieving data for taxon 'Speothos'





More than one TSN found for taxon 'Speothos'!

            Enter rownumber of taxon (other inputs will return 'NA'):


Returned 'NA'!


No TSN found for species 'Speothos'!


Retrieving data for taxon 'Urocyon'





More than one TSN found for taxon 'Urocyon'!

            Enter rownumber of taxon (other inputs will return 'NA'):


Returned 'NA'!


No TSN found for species 'Urocyon'!


Retrieving data for taxon 'Urocyon'





More than one TSN found for taxon 'Urocyon'!

            Enter rownumber of taxon (other inputs will return 'NA'):


Returned 'NA'!


No TSN found for species 'Urocyon'!


Retrieving data for taxon 'Vulpes'





More than one TSN found for taxon 'Vulpes'!

            Enter rownumber of taxon (other inputs will return 'NA'):


Returned 'NA'!


No TSN found for species 'Vulpes'!


Retrieving data for taxon 'Vulpes'





More than one TSN found for taxon 'Vulpes'!

            Enter rownumber of taxon (other inputs will return 'NA'):


Returned 'NA'!


No TSN found for species 'Vulpes'!


Retrieving data for taxon 'Vulpes'





More than one TSN found for taxon 'Vulpes'!

            Enter rownumber of taxon (other inputs will return 'NA'):


Returned 'NA'!


No TSN found for species 'Vulpes'!


Retrieving data for taxon 'Vulpes'





More than one TSN found for taxon 'Vulpes'!

            Enter rownumber of taxon (other inputs will return 'NA'):


Returned 'NA'!


No TSN found for species 'Vulpes'!


Retrieving data for taxon 'Vulpes'





More than one TSN found for taxon 'Vulpes'!

            Enter rownumber of taxon (other inputs will return 'NA'):


Returned 'NA'!


No TSN found for species 'Vulpes'!


Retrieving data for taxon 'Vulpes'





More than one TSN found for taxon 'Vulpes'!

            Enter rownumber of taxon (other inputs will return 'NA'):


Returned 'NA'!


No TSN found for species 'Vulpes'!


Retrieving data for taxon 'Vulpes'





More than one TSN found for taxon 'Vulpes'!

            Enter rownumber of taxon (other inputs will return 'NA'):


Returned 'NA'!


No TSN found for species 'Vulpes'!


Retrieving data for taxon 'Vulpes'





More than one TSN found for taxon 'Vulpes'!

            Enter rownumber of taxon (other inputs will return 'NA'):


Returned 'NA'!


No TSN found for species 'Vulpes'!


Retrieving data for taxon 'Vulpes'





More than one TSN found for taxon 'Vulpes'!

            Enter rownumber of taxon (other inputs will return 'NA'):


Returned 'NA'!


No TSN found for species 'Vulpes'!


Retrieving data for taxon 'Vulpes'





More than one TSN found for taxon 'Vulpes'!

            Enter rownumber of taxon (other inputs will return 'NA'):


Returned 'NA'!


No TSN found for species 'Vulpes'!


Retrieving data for taxon 'Vulpes'





More than one TSN found for taxon 'Vulpes'!

            Enter rownumber of taxon (other inputs will return 'NA'):


Returned 'NA'!


No TSN found for species 'Vulpes'!


Retrieving data for taxon 'Vulpes'





More than one TSN found for taxon 'Vulpes'!

            Enter rownumber of taxon (other inputs will return 'NA'):


Returned 'NA'!


No TSN found for species 'Vulpes'!


Retrieving data for taxon 'Cerdocyon thous'

*   Trying 160.111.248.42...
* TCP_NODELAY set
* Connected to eol.org (160.111.248.42) port 80 (#2)
> GET /api/search/1.0.json?q=Cerdocyon%2Bthous&page=1&key=52987dc6505de77c6c9345e8e8068f74ffb52de6 HTTP/1.1
Host: eol.org
User-Agent: libcurl/7.54.0 r-curl/3.2 crul/0.6.0
Accept-Encoding: gzip, deflate
Accept: application/json, text/xml, application/xml, */*

< HTTP/1.1 301 Moved Permanently
< Date: Wed, 05 Dec 2018 20:47:41 GMT
< Server: Varnish
< X-Varnish: 7776567
< Location: https://eol.org/api/search/1.0.json?q=Cerdocyon%2Bthous&page=1&key=52987dc6505de77c6c9345e8e8068f74ffb52de6
< Content-Length: 0
< Connection: keep-alive
< 
* Connection #2 to host eol.org left intact
* Issue another request to this URL: 'https://eol.org/api/search/1.0.json?q=Cerdocyon%2Bthous&page=1&key=52987dc6505de77c6c9345e8e8068f74ffb52de6'
*   Trying 160.111.248.42...
* TCP_NODELAY set
* Connected to eol.org (160.111.248.42) port 443 (#3)
* ALPN, offering http/1.1
* Cipher selection: ALL:!EXPORT:!EXPORT40:!EXPORT56:!aNULL:!LOW:!RC4:@STRENGTH
* successfully set certificate verify locations:
*   CAfile: /etc/ssl/cert.pem
  CApath: none
* SSL connection using TLSv1.2 / ECDHE-RSA-AES128-GCM-SHA256
* ALPN, server accepted to use http/1.1
* Server certificate:
*  subject: C=US; ST=District of Columbia; L=Washington; O=Smithsonian Institution; CN=eol1.eol.org
*  start date: Oct 19 14:54:46 2017 GMT
*  expire date: Feb 10 15:24:44 2020 GMT
*  subjectAltName: host "eol.org" matched cert's "eol.org"
*  issuer: C=US; O=Entrust, Inc.; OU=See www.entrust.net/legal-terms; OU=(c) 2012 Entrust, Inc. - for authorized use only; CN=Entrust Certification Authority - L1K
*  SSL certificate verify ok.
> GET /api/search/1.0.json?q=Cerdocyon%2Bthous&page=1&key=52987dc6505de77c6c9345e8e8068f74ffb52de6 HTTP/1.1
Host: eol.org
User-Agent: libcurl/7.54.0 r-curl/3.2 crul/0.6.0
Accept-Encoding: gzip, deflate
Accept: application/json, text/xml, application/xml, */*

< HTTP/1.1 200 OK
< Date: Wed, 05 Dec 2018 20:47:41 GMT
< Content-Type: application/json; charset=utf-8
< Transfer-Encoding: chunked
< Connection: keep-alive
< X-Frame-Options: SAMEORIGIN
< X-XSS-Protection: 1; mode=block
< X-Content-Type-Options: nosniff
< ETag: W/"65de9932c405994564819c30e1710ba9"
< Cache-Control: max-age=0, private, must-revalidate
< X-Request-Id: d3e8dad8-d069-4f6c-9cee-f3e9f6ee05d9
< X-Runtime: 0.044503
< Vary: Origin
< Age: 0
< X-Cache: MISS
< X-Cache-Hits: 0
< Accept-Ranges: bytes
< 
* Connection #3 to host eol.org left intact
The following `from` values were not present in `x`: .id, identifier, scientificname, nameaccordingto, taxonrank
Quitting from lines 41-42 (aptg.Rmd) 
Error: processing vignette 'aptg.Rmd' failed with diagnostics:
'by' must specify a uniquely valid column
Execution halted
